<?xml version="1.0" encoding="UTF-8"?>
<testng-results ignored="0" total="2" passed="2" failed="0" skipped="0">
  <reporter-output>
  </reporter-output>
  <suite started-at="2021-09-15T16:31:57 IST" name="SampleSuite2" finished-at="2021-09-15T16:33:15 IST" duration-ms="77689">
    <groups>
    </groups>
    <test started-at="2021-09-15T16:31:57 IST" name="SampleTest" finished-at="2021-09-15T16:32:44 IST" duration-ms="47023">
      <class name="uitest.RecorderScript">
        <test-method is-config="true" signature="setup(java.lang.String)[pri:0, instance:uitest.RecorderScript@15051a0]" started-at="2021-09-15T16:31:57 IST" name="setup" finished-at="2021-09-15T16:32:05 IST" duration-ms="7466" status="PASS">
          <params>
            <param index="0">
              <value>
                <![CDATA[Chrome]]>
              </value>
            </param>
          </params>
          <reporter-output>
          </reporter-output>
        </test-method> <!-- setup -->
        <test-method signature="testParameterWithXML()[pri:0, instance:uitest.RecorderScript@15051a0]" started-at="2021-09-15T16:32:05 IST" name="testParameterWithXML" finished-at="2021-09-15T16:32:44 IST" duration-ms="39421" status="PASS">
          <reporter-output>
          </reporter-output>
        </test-method> <!-- testParameterWithXML -->
      </class> <!-- uitest.RecorderScript -->
    </test> <!-- SampleTest -->
    <test started-at="2021-09-15T16:32:44 IST" name="Sample2Test" finished-at="2021-09-15T16:33:15 IST" duration-ms="30601">
      <class name="uitest.RecorderScript">
        <test-method is-config="true" signature="setup(java.lang.String)[pri:0, instance:uitest.RecorderScript@13e9f2e2]" started-at="2021-09-15T16:32:44 IST" name="setup" finished-at="2021-09-15T16:32:52 IST" duration-ms="8118" status="PASS">
          <params>
            <param index="0">
              <value>
                <![CDATA[Firefox]]>
              </value>
            </param>
          </params>
          <reporter-output>
          </reporter-output>
        </test-method> <!-- setup -->
        <test-method signature="testParameterWithXML()[pri:0, instance:uitest.RecorderScript@13e9f2e2]" started-at="2021-09-15T16:32:52 IST" name="testParameterWithXML" finished-at="2021-09-15T16:33:15 IST" duration-ms="22471" status="PASS">
          <reporter-output>
          </reporter-output>
        </test-method> <!-- testParameterWithXML -->
      </class> <!-- uitest.RecorderScript -->
    </test> <!-- Sample2Test -->
  </suite> <!-- SampleSuite2 -->
</testng-results>
